[    0.000000] Linux version 4.15.0-167-generic (buildd@lcy02-amd64-045) (gcc version 7.5.0 (Ubuntu 7.5.0-3ubuntu1~18.04)) #175-Ubuntu SMP Wed Jan 5 01:56:07 UTC 2022 (Ubuntu 4.15.0-167.175-generic 4.15.18)
[    0.000000] Command line: BOOT_IMAGE=/boot/vmlinuz-4.15.0-167-generic root=LABEL=cloudimg-rootfs ro console=tty1 console=ttyS0
[    0.000000] KERNEL supported cpus:
[    0.000000]   Intel GenuineIntel
[    0.000000]   AMD AuthenticAMD
[    0.000000]   Centaur CentaurHauls
[    0.000000] x86/fpu: Supporting XSAVE feature 0x001: 'x87 floating point registers'
[    0.000000] x86/fpu: Supporting XSAVE feature 0x002: 'SSE registers'
[    0.000000] x86/fpu: Supporting XSAVE feature 0x004: 'AVX registers'
[    0.000000] x86/fpu: xstate_offset[2]:  576, xstate_sizes[2]:  256
[    0.000000] x86/fpu: Enabled xstate features 0x7, context size is 832 bytes, using 'standard' format.
[    0.000000] e820: BIOS-provided physical RAM map:
[    0.000000] BIOS-e820: [mem 0x0000000000000000-0x000000000009fbff] usable
[    0.000000] BIOS-e820: [mem 0x000000000009fc00-0x000000000009ffff] reserved
[    0.000000] BIOS-e820: [mem 0x00000000000f0000-0x00000000000fffff] reserved
[    0.000000] BIOS-e820: [mem 0x0000000000100000-0x000000003ffeffff] usable
[    0.000000] BIOS-e820: [mem 0x000000003fff0000-0x000000003fffffff] ACPI data
[    0.000000] BIOS-e820: [mem 0x00000000fec00000-0x00000000fec00fff] reserved
[    0.000000] BIOS-e820: [mem 0x00000000fee00000-0x00000000fee00fff] reserved
[    0.000000] BIOS-e820: [mem 0x00000000fffc0000-0x00000000ffffffff] reserved
[    0.000000] NX (Execute Disable) protection: active
[    0.000000] SMBIOS 2.5 present.
[    0.000000] DMI: innotek GmbH VirtualBox/VirtualBox, BIOS VirtualBox 12/01/2006
[    0.000000] Hypervisor detected: KVM
[    0.000000] e820: last_pfn = 0x3fff0 max_arch_pfn = 0x400000000
[    0.000000] MTRR: Disabled
[    0.000000] x86/PAT: MTRRs disabled, skipping PAT initialization too.
[    0.000000] CPU MTRRs all blank - virtualized system.
[    0.000000] x86/PAT: Configuration [0-7]: WB  WT  UC- UC  WB  WT  UC- UC  
[    0.000000] found SMP MP-table at [mem 0x0009fff0-0x0009ffff]
[    0.000000] Scanning 1 areas for low memory corruption
[    0.000000] RAMDISK: [mem 0x359c9000-0x36cdbfff]
[    0.000000] ACPI: Early table checksum verification disabled
[    0.000000] ACPI: RSDP 0x00000000000E0000 000024 (v02 VBOX  )
[    0.000000] ACPI: XSDT 0x000000003FFF0030 00003C (v01 VBOX   VBOXXSDT 00000001 ASL  00000061)
[    0.000000] ACPI: FACP 0x000000003FFF00F0 0000F4 (v04 VBOX   VBOXFACP 00000001 ASL  00000061)
[    0.000000] ACPI: DSDT 0x000000003FFF0470 002325 (v02 VBOX   VBOXBIOS 00000002 INTL 20180105)
[    0.000000] ACPI: FACS 0x000000003FFF0200 000040
[    0.000000] ACPI: FACS 0x000000003FFF0200 000040
[    0.000000] ACPI: APIC 0x000000003FFF0240 00005C (v02 VBOX   VBOXAPIC 00000001 ASL  00000061)
[    0.000000] ACPI: SSDT 0x000000003FFF02A0 0001CC (v01 VBOX   VBOXCPUT 00000002 INTL 20180105)
[    0.000000] ACPI: Reserving FACP table memory at [mem 0x3fff00f0-0x3fff01e3]
[    0.000000] ACPI: Reserving DSDT table memory at [mem 0x3fff0470-0x3fff2794]
[    0.000000] ACPI: Reserving FACS table memory at [mem 0x3fff0200-0x3fff023f]
[    0.000000] ACPI: Reserving FACS table memory at [mem 0x3fff0200-0x3fff023f]
[    0.000000] ACPI: Reserving APIC table memory at [mem 0x3fff0240-0x3fff029b]
[    0.000000] ACPI: Reserving SSDT table memory at [mem 0x3fff02a0-0x3fff046b]
[    0.000000] No NUMA configuration found
[    0.000000] Faking a node at [mem 0x0000000000000000-0x000000003ffeffff]
[    0.000000] NODE_DATA(0) allocated [mem 0x3ffc5000-0x3ffeffff]
[    0.000000] kvm-clock: cpu 0, msr 0:3ff44001, primary cpu clock
[    0.000000] kvm-clock: Using msrs 4b564d01 and 4b564d00
[    0.000000] kvm-clock: using sched offset of 5399560892 cycles
[    0.000000] clocksource: kvm-clock: mask: 0xffffffffffffffff max_cycles: 0x1cd42e4dffb, max_idle_ns: 881590591483 ns
[    0.000000] Zone ranges:
[    0.000000]   DMA      [mem 0x0000000000001000-0x0000000000ffffff]
[    0.000000]   DMA32    [mem 0x0000000001000000-0x000000003ffeffff]
[    0.000000]   Normal   empty
[    0.000000]   Device   empty
[    0.000000] Movable zone start for each node
[    0.000000] Early memory node ranges
[    0.000000]   node   0: [mem 0x0000000000001000-0x000000000009efff]
[    0.000000]   node   0: [mem 0x0000000000100000-0x000000003ffeffff]
[    0.000000] Reserved but unavailable: 104 pages
[    0.000000] Initmem setup node 0 [mem 0x0000000000001000-0x000000003ffeffff]
[    0.000000] ACPI: PM-Timer IO Port: 0x4008
[    0.000000] IOAPIC[0]: apic_id 2, version 32, address 0xfec00000, GSI 0-23
[    0.000000] ACPI: INT_SRC_OVR (bus 0 bus_irq 0 global_irq 2 dfl dfl)
[    0.000000] ACPI: INT_SRC_OVR (bus 0 bus_irq 9 global_irq 9 low level)
[    0.000000] Using ACPI (MADT) for SMP configuration information
[    0.000000] smpboot: Allowing 2 CPUs, 0 hotplug CPUs
[    0.000000] PM: Registered nosave memory: [mem 0x00000000-0x00000fff]
[    0.000000] PM: Registered nosave memory: [mem 0x0009f000-0x0009ffff]
[    0.000000] PM: Registered nosave memory: [mem 0x000a0000-0x000effff]
[    0.000000] PM: Registered nosave memory: [mem 0x000f0000-0x000fffff]
[    0.000000] e820: [mem 0x40000000-0xfebfffff] available for PCI devices
[    0.000000] Booting paravirtualized kernel on KVM
[    0.000000] clocksource: refined-jiffies: mask: 0xffffffff max_cycles: 0xffffffff, max_idle_ns: 7645519600211568 ns
[    0.000000] random: get_random_bytes called from start_kernel+0x99/0x500 with crng_init=0
[    0.000000] setup_percpu: NR_CPUS:8192 nr_cpumask_bits:2 nr_cpu_ids:2 nr_node_ids:1
[    0.000000] percpu: Embedded 50 pages/cpu s167936 r8192 d28672 u1048576
[    0.000000] PV qspinlock hash table entries: 256 (order: 0, 4096 bytes)
[    0.000000] Built 1 zonelists, mobility grouping on.  Total pages: 257913
[    0.000000] Policy zone: DMA32
[    0.000000] Kernel command line: BOOT_IMAGE=/boot/vmlinuz-4.15.0-167-generic root=LABEL=cloudimg-rootfs ro console=tty1 console=ttyS0
[    0.000000] Memory: 982636K/1048120K available (12300K kernel code, 2483K rwdata, 4324K rodata, 2476K init, 2724K bss, 65484K reserved, 0K cma-reserved)
[    0.000000] SLUB: HWalign=64, Order=0-3, MinObjects=0, CPUs=2, Nodes=1
[    0.000000] Kernel/User page tables isolation: enabled
[    0.000000] ftrace: allocating 39494 entries in 155 pages
[    0.004000] Hierarchical RCU implementation.
[    0.004000] 	RCU restricting CPUs from NR_CPUS=8192 to nr_cpu_ids=2.
[    0.004000] 	Tasks RCU enabled.
[    0.004000] RCU: Adjusting geometry for rcu_fanout_leaf=16, nr_cpu_ids=2
[    0.004000] NR_IRQS: 524544, nr_irqs: 440, preallocated irqs: 16
[    0.004000] Console: colour VGA+ 80x25
[    0.004000] console [tty1] enabled
[    0.004000] console [ttyS0] enabled
[    0.004000] ACPI: Core revision 20170831
[    0.004000] ACPI: 2 ACPI AML tables successfully acquired and loaded
[    0.004000] APIC: Switch to symmetric I/O mode setup
[    0.004837] x2apic enabled
[    0.007070] Switched APIC routing to physical x2apic.
[    0.011293] ..TIMER: vector=0x30 apic1=0 pin1=2 apic2=-1 pin2=-1
[    0.012014] tsc: Detected 2394.558 MHz processor
[    0.015126] Calibrating delay loop (skipped) preset value.. 4789.11 BogoMIPS (lpj=9578232)
[    0.016017] pid_max: default: 32768 minimum: 301
[    0.020097] Security Framework initialized
[    0.022378] Yama: becoming mindful.
[    0.024096] AppArmor: AppArmor initialized
[    0.030073] Dentry cache hash table entries: 131072 (order: 8, 1048576 bytes)
[    0.032197] Inode-cache hash table entries: 65536 (order: 7, 524288 bytes)
[    0.036078] Mount-cache hash table entries: 2048 (order: 2, 16384 bytes)
[    0.040053] Mountpoint-cache hash table entries: 2048 (order: 2, 16384 bytes)
[    0.044781] Last level iTLB entries: 4KB 512, 2MB 8, 4MB 8
[    0.048015] Last level dTLB entries: 4KB 512, 2MB 32, 4MB 32, 1GB 0
[    0.052023] Spectre V1 : Mitigation: usercopy/swapgs barriers and __user pointer sanitization
[    0.056016] Spectre V2 : Mitigation: Full generic retpoline
[    0.060013] Spectre V2 : Spectre v2 / SpectreRSB mitigation: Filling RSB on context switch
[    0.064016] Speculative Store Bypass: Vulnerable
[    0.068139] MDS: Vulnerable: Clear CPU buffers attempted, no microcode
[    0.072393] Freeing SMP alternatives memory: 36K
[    0.191854] smpboot: CPU0: Intel(R) Core(TM) i5-2430M CPU @ 2.40GHz (family: 0x6, model: 0x2a, stepping: 0x7)
[    0.192246] Performance Events: unsupported p6 CPU model 42 no PMU driver, software events only.
[    0.196218] Hierarchical SRCU implementation.
[    0.201718] NMI watchdog: Perf event create on CPU 0 failed with -2
[    0.204016] NMI watchdog: Perf NMI watchdog permanently disabled
[    0.208256] smp: Bringing up secondary CPUs ...
[    0.212384] x86: Booting SMP configuration:
[    0.215228] .... node  #0, CPUs:      #1
[    0.004000] kvm-clock: cpu 1, msr 0:3ff44041, secondary cpu clock
[    0.220089] smp: Brought up 1 node, 2 CPUs
[    0.222486] smpboot: Max logical packages: 1
[    0.224029] smpboot: Total of 2 processors activated (9578.23 BogoMIPS)
[    0.232020] devtmpfs: initialized
[    0.236196] x86/mm: Memory block size: 128MB
[    0.240558] evm: security.selinux
[    0.244021] evm: security.SMACK64
[    0.246439] evm: security.SMACK64EXEC
[    0.248022] evm: security.SMACK64TRANSMUTE
[    0.252022] evm: security.SMACK64MMAP
[    0.256018] evm: security.apparmor
[    0.258309] evm: security.ima
[    0.260013] evm: security.capability
[    0.264289] clocksource: jiffies: mask: 0xffffffff max_cycles: 0xffffffff, max_idle_ns: 7645041785100000 ns
[    0.268042] futex hash table entries: 512 (order: 3, 32768 bytes)
[    0.272213] pinctrl core: initialized pinctrl subsystem
[    0.280069] RTC time: 17:56:04, date: 02/19/22
[    0.284765] NET: Registered protocol family 16
[    0.288241] audit: initializing netlink subsys (disabled)
[    0.292143] audit: type=2000 audit(1645293370.392:1): state=initialized audit_enabled=0 res=1
[    0.296029] cpuidle: using governor ladder
[    0.300065] cpuidle: using governor menu
[    0.302243] ACPI: bus type PCI registered
[    0.304019] acpiphp: ACPI Hot Plug PCI Controller Driver version: 0.5
[    0.308439] PCI: Using configuration type 1 for base access
[    0.317188] HugeTLB registered 2.00 MiB page size, pre-allocated 0 pages
[    0.324195] ACPI: Added _OSI(Module Device)
[    0.326222] ACPI: Added _OSI(Processor Device)
[    0.328038] ACPI: Added _OSI(3.0 _SCP Extensions)
[    0.332017] ACPI: Added _OSI(Processor Aggregator Device)
[    0.336028] ACPI: Added _OSI(Linux-Dell-Video)
[    0.340024] ACPI: Added _OSI(Linux-Lenovo-NV-HDMI-Audio)
[    0.344022] ACPI: Added _OSI(Linux-HPI-Hybrid-Graphics)
[    0.348788] ACPI: Executed 1 blocks of module-level executable AML code
[    0.365494] ACPI: Interpreter enabled
[    0.367469] ACPI: (supports S0 S5)
[    0.368020] ACPI: Using IOAPIC for interrupt routing
[    0.372523] PCI: Using host bridge windows from ACPI; if necessary, use "pci=nocrs" and report a bug
[    0.376962] ACPI: Enabled 2 GPEs in block 00 to 07
[    0.407861] ACPI: PCI Root Bridge [PCI0] (domain 0000 [bus 00-ff])
[    0.408046] acpi PNP0A03:00: _OSC: OS supports [ASPM ClockPM Segments MSI]
[    0.417767] acpi PNP0A03:00: _OSC: not requesting OS control; OS requires [ExtendedConfig ASPM ClockPM MSI]
[    0.420071] acpi PNP0A03:00: fail to add MMCONFIG information, can't access extended PCI configuration space under this bridge.
[    0.428270] PCI host bridge to bus 0000:00
[    0.431951] pci_bus 0000:00: root bus resource [io  0x0000-0x0cf7 window]
[    0.432024] pci_bus 0000:00: root bus resource [io  0x0d00-0xffff window]
[    0.435164] pci_bus 0000:00: root bus resource [mem 0x000a0000-0x000bffff window]
[    0.436024] pci_bus 0000:00: root bus resource [mem 0x40000000-0xfdffffff window]
[    0.440046] pci_bus 0000:00: root bus resource [bus 00-ff]
[    0.451696] pci 0000:00:01.1: legacy IDE quirk: reg 0x10: [io  0x01f0-0x01f7]
[    0.452022] pci 0000:00:01.1: legacy IDE quirk: reg 0x14: [io  0x03f6]
[    0.456019] pci 0000:00:01.1: legacy IDE quirk: reg 0x18: [io  0x0170-0x0177]
[    0.460028] pci 0000:00:01.1: legacy IDE quirk: reg 0x1c: [io  0x0376]
[    0.510298] pci 0000:00:07.0: quirk: [io  0x4000-0x403f] claimed by PIIX4 ACPI
[    0.512066] pci 0000:00:07.0: quirk: [io  0x4100-0x410f] claimed by PIIX4 SMB
[    0.534424] ACPI: PCI Interrupt Link [LNKA] (IRQs 5 9 10 *11)
[    0.537377] ACPI: PCI Interrupt Link [LNKB] (IRQs 5 9 *10 11)
[    0.540465] ACPI: PCI Interrupt Link [LNKC] (IRQs 5 *9 10 11)
[    0.544646] ACPI: PCI Interrupt Link [LNKD] (IRQs 5 9 10 *11)
[    0.550100] SCSI subsystem initialized
[    0.552235] pci 0000:00:02.0: vgaarb: setting as boot VGA device
[    0.555800] pci 0000:00:02.0: vgaarb: VGA device added: decodes=io+mem,owns=io+mem,locks=none
[    0.556037] pci 0000:00:02.0: vgaarb: bridge control possible
[    0.560016] vgaarb: loaded
[    0.564136] ACPI: bus type USB registered
[    0.566427] usbcore: registered new interface driver usbfs
[    0.568280] usbcore: registered new interface driver hub
[    0.572060] usbcore: registered new device driver usb
[    0.576078] EDAC MC: Ver: 3.0.0
[    0.580181] PCI: Using ACPI for IRQ routing
[    0.584774] NetLabel: Initializing
[    0.587742] NetLabel:  domain hash size = 128
[    0.588013] NetLabel:  protocols = UNLABELED CIPSOv4 CALIPSO
[    0.592060] NetLabel:  unlabeled traffic allowed by default
[    0.596258] clocksource: Switched to clocksource kvm-clock
[    0.635178] VFS: Disk quotas dquot_6.6.0
[    0.636932] VFS: Dquot-cache hash table entries: 512 (order 0, 4096 bytes)
[    0.640277] AppArmor: AppArmor Filesystem Enabled
[    0.642455] pnp: PnP ACPI init
[    0.646779] pnp: PnP ACPI: found 3 devices
[    0.664474] clocksource: acpi_pm: mask: 0xffffff max_cycles: 0xffffff, max_idle_ns: 2085701024 ns
[    0.669813] NET: Registered protocol family 2
[    0.672153] IP idents hash table entries: 16384 (order: 5, 131072 bytes)
[    0.677819] TCP established hash table entries: 8192 (order: 4, 65536 bytes)
[    0.684728] TCP bind hash table entries: 8192 (order: 5, 131072 bytes)
[    0.688498] TCP: Hash tables configured (established 8192 bind 8192)
[    0.691549] UDP hash table entries: 512 (order: 2, 16384 bytes)
[    0.694779] UDP-Lite hash table entries: 512 (order: 2, 16384 bytes)
[    0.698268] NET: Registered protocol family 1
[    0.703114] pci 0000:00:00.0: Limiting direct PCI/PCI transfers
[    0.706122] pci 0000:00:01.0: Activating ISA DMA hang workarounds
[    0.710683] pci 0000:00:02.0: Video device with shadowed ROM at [mem 0x000c0000-0x000dffff]
[    0.717800] Unpacking initramfs...
[    1.427175] Freeing initrd memory: 19532K
[    1.429409] clocksource: tsc: mask: 0xffffffffffffffff max_cycles: 0x2284227c47e, max_idle_ns: 440795245431 ns
[    1.436594] platform rtc_cmos: registered platform RTC device (no PNP device found)
[    1.443502] Scanning for low memory corruption every 60 seconds
[    1.448503] Initialise system trusted keyrings
[    1.451109] Key type blacklist registered
[    1.456238] workingset: timestamp_bits=36 max_order=18 bucket_order=0
[    1.465547] zbud: loaded
[    1.469105] squashfs: version 4.0 (2009/01/31) Phillip Lougher
[    1.473365] fuse init (API version 7.26)
[    1.489250] Key type asymmetric registered
[    1.491924] Asymmetric key parser 'x509' registered
[    1.495141] Block layer SCSI generic (bsg) driver version 0.4 loaded (major 246)
[    1.500406] io scheduler noop registered
[    1.502389] io scheduler deadline registered
[    1.505527] io scheduler cfq registered (default)
[    1.510851] ACPI: AC Adapter [AC] (on-line)
[    1.513143] input: Power Button as /devices/LNXSYSTM:00/LNXPWRBN:00/input/input0
[    1.523056] ACPI: Power Button [PWRF]
[    1.531366] input: Sleep Button as /devices/LNXSYSTM:00/LNXSLPBN:00/input/input1
[    1.535380] ACPI: Sleep Button [SLPF]
[    1.543235] ACPI: Battery Slot [BAT0] (battery present)
[    1.548508] Serial: 8250/16550 driver, 32 ports, IRQ sharing enabled
[    1.577948] 00:02: ttyS0 at I/O 0x3f8 (irq = 4, base_baud = 115200) is a 16550A
[    1.599899] Linux agpgart interface v0.103
[    1.611044] loop: module loaded
[    1.619272] scsi host0: ata_piix
[    1.621616] scsi host1: ata_piix
[    1.623186] ata1: PATA max UDMA/33 cmd 0x1f0 ctl 0x3f6 bmdma 0xd000 irq 14
[    1.627183] ata2: PATA max UDMA/33 cmd 0x170 ctl 0x376 bmdma 0xd008 irq 15
[    1.632398] libphy: Fixed MDIO Bus: probed
[    1.636116] tun: Universal TUN/TAP device driver, 1.6
[    1.639445] PPP generic driver version 2.4.2
[    1.641999] ehci_hcd: USB 2.0 'Enhanced' Host Controller (EHCI) Driver
[    1.653455] ehci-pci: EHCI PCI platform driver
[    1.655932] ehci-platform: EHCI generic platform driver
[    1.659500] ohci_hcd: USB 1.1 'Open' Host Controller (OHCI) Driver
[    1.663291] ohci-pci: OHCI PCI platform driver
[    1.667175] ohci-platform: OHCI generic platform driver
[    1.670754] uhci_hcd: USB Universal Host Controller Interface driver
[    1.674892] i8042: PNP: PS/2 Controller [PNP0303:PS2K,PNP0f03:PS2M] at 0x60,0x64 irq 1,12
[    1.682504] serio: i8042 KBD port at 0x60,0x64 irq 1
[    1.685452] serio: i8042 AUX port at 0x60,0x64 irq 12
[    1.688500] mousedev: PS/2 mouse device common for all mice
[    1.695227] input: AT Translated Set 2 keyboard as /devices/platform/i8042/serio0/input/input2
[    1.706191] rtc_cmos rtc_cmos: rtc core: registered rtc_cmos as rtc0
[    1.710896] rtc_cmos rtc_cmos: alarms up to one day, 114 bytes nvram
[    1.722147] i2c /dev entries driver
[    1.724301] device-mapper: uevent: version 1.0.3
[    1.730675] device-mapper: ioctl: 4.37.0-ioctl (2017-09-20) initialised: dm-devel@redhat.com
[    1.737247] ledtrig-cpu: registered to indicate activity on CPUs
[    1.745814] NET: Registered protocol family 10
[    1.766196] Segment Routing with IPv6
[    1.768436] NET: Registered protocol family 17
[    1.771130] Key type dns_resolver registered
[    1.775359] mce: Using 0 MCE banks
[    1.780078] RAS: Correctable Errors collector initialized.
[    1.786349] sched_clock: Marking stable (1786194071, 0)->(2322655589, -536461518)
[    1.849245] registered taskstats version 1
[    1.852995] Loading compiled-in X.509 certificates
[    1.866919] Loaded X.509 cert 'Build time autogenerated kernel key: 51c91b167e8daada285dd448a981da05683ebd03'
[    1.884903] Loaded X.509 cert 'Canonical Ltd. Live Patch Signing: 14df34d1a87cf37625abec039ef2bf521249b969'
[    1.893579] Loaded X.509 cert 'Canonical Ltd. Kernel Module Signing: 88f752e560a1e0737e31163a466ad7b70a850c19'
[    1.901971] blacklist: Loading compiled-in revocation X.509 certificates
[    1.907687] Loaded X.509 cert 'Canonical Ltd. Secure Boot Signing: 61482aa2830d0ab2ad5af10b7250da9033ddcef0'
[    1.915570] zswap: loaded using pool lzo/zbud
[    1.934673] Key type big_key registered
[    1.937800] Key type trusted registered
[    1.956584] Key type encrypted registered
[    1.961488] AppArmor: AppArmor sha1 policy hashing enabled
[    1.969951] ima: No TPM chip found, activating TPM-bypass! (rc=-19)
[    1.973314] ima: Allocated hash algorithm: sha1
[    1.975779] evm: HMAC attrs: 0x1
[    1.978406]   Magic number: 10:98:947
[    1.980226] tty tty4: hash matches
[    1.982330] memory memory0: hash matches
[    1.984458] rtc_cmos rtc_cmos: setting system clock to 2022-02-19 17:56:05 UTC (1645293365)
[    1.989597] BIOS EDD facility v0.16 2004-Jun-25, 0 devices found
[    1.992770] EDD information not available.
[    2.003302] Freeing unused kernel image memory: 2476K
[    2.020130] Write protecting the kernel read-only data: 20480k
[    2.024468] Freeing unused kernel image memory: 2008K
[    2.032148] Freeing unused kernel image memory: 1820K
[    2.059060] x86/mm: Checked W+X mappings: passed, no W+X pages found.
[    2.063749] x86/mm: Checking user space page tables
[    2.087449] x86/mm: Checked W+X mappings: passed, no W+X pages found.
Loading, please wait...
starting version 237
[    2.379604] Fusion MPT base driver 3.04.20
[    2.381832] Copyright (c) 1999-2008 LSI Corporation
[    2.399061] e1000: Intel(R) PRO/1000 Network Driver - version 7.3.21-k8-NAPI
[    2.402574] e1000: Copyright (c) 1999-2006 Intel Corporation.
[    2.437604] Fusion MPT SPI Host driver 3.04.20
[    2.451945] AVX version of gcm_enc/dec engaged.
[    2.454540] AES CTR mode by8 optimization enabled
[    2.604259] input: ImExPS/2 Generic Explorer Mouse as /devices/platform/i8042/serio1/input/input4
[    2.956001] e1000 0000:00:03.0 eth0: (PCI:33MHz:32-bit) 02:3b:ab:4a:a3:42
[    2.958881] e1000 0000:00:03.0 eth0: Intel(R) PRO/1000 Network Connection
[    2.967761] e1000 0000:00:03.0 enp0s3: renamed from eth0
[    2.974425] mptbase: ioc0: Initiating bringup
[    3.068672] ioc0: LSI53C1030 A0: Capabilities={Initiator}
[    3.321502] scsi host2: ioc0: LSI53C1030 A0, FwRev=00000000h, Ports=1, MaxQ=256, IRQ=20
[    3.493963] scsi 2:0:0:0: Direct-Access     VBOX     HARDDISK         1.0  PQ: 0 ANSI: 5
[    4.407630] scsi target2:0:0: Beginning Domain Validation
[    4.412415] scsi target2:0:0: Domain Validation skipping write tests
[    4.415565] scsi target2:0:0: Ending Domain Validation
[    4.418388] scsi target2:0:0: asynchronous
[    4.423321] scsi 2:0:1:0: Direct-Access     VBOX     HARDDISK         1.0  PQ: 0 ANSI: 5
[    5.102552] scsi target2:0:1: Beginning Domain Validation
[    5.107330] random: fast init done
[    5.110947] scsi target2:0:1: Domain Validation skipping write tests
[    5.113590] scsi target2:0:1: Ending Domain Validation
[    5.115776] scsi target2:0:1: asynchronous
[    5.127523] random: systemd-udevd: uninitialized urandom read (16 bytes read)
[    5.130602] random: systemd-udevd: uninitialized urandom read (16 bytes read)
[    5.133705] random: systemd-udevd: uninitialized urandom read (16 bytes read)
[    5.137678] sd 2:0:0:0: [sda] 83886080 512-byte logical blocks: (42.9 GB/40.0 GiB)
[    5.141942] sd 2:0:0:0: [sda] Write Protect is off
[    5.144641] sd 2:0:0:0: Attached scsi generic sg0 type 0
[    5.147516] sd 2:0:0:0: [sda] Incomplete mode parameter data
[    5.150070] sd 2:0:0:0: [sda] Assuming drive cache: write through
[    5.155785] sd 2:0:1:0: [sdb] 20480 512-byte logical blocks: (10.5 MB/10.0 MiB)
[    5.159200] sd 2:0:1:0: [sdb] Write Protect is off
[    5.163267] sd 2:0:1:0: [sdb] Incomplete mode parameter data
[    5.166310] sd 2:0:1:0: [sdb] Assuming drive cache: write through
[    5.169271] sd 2:0:1:0: Attached scsi generic sg1 type 0
[    5.193814]  sda: sda1
[    5.197076] sd 2:0:0:0: [sda] Attached SCSI disk
[    5.205701] sd 2:0:1:0: [sdb] Attached SCSI disk
Begin: Loading essential drivers ... [    7.392112] raid6: sse2x1   gen()  3033 MB/s
[    7.444195] raid6: sse2x1   xor()  1870 MB/s
[    7.492131] raid6: sse2x2   gen()  3465 MB/s
[    7.540162] raid6: sse2x2   xor()  2640 MB/s
[    7.588352] raid6: sse2x4   gen()  4247 MB/s
[    7.636120] raid6: sse2x4   xor()  3109 MB/s
[    7.639582] raid6: using algorithm sse2x4 gen() 4247 MB/s
[    7.641984] raid6: .... xor() 3109 MB/s, rmw enabled
[    7.645877] raid6: using ssse3x2 recovery algorithm
[    7.651354] xor: automatically using best checksumming function   avx       
[    7.656719] async_tx: api initialized (async)
done.
Begin: Running /scripts/init-premount ... done.
Begin: Mounting root file system ... Begin: Running /scripts/local-top ... done.
Begin: Running /scripts/local-premount ... [    7.793944] Btrfs loaded, crc32c=crc32c-intel
Scanning for Btrfs filesystems
done.
Warning: fsck not present, so skipping root file system
[    7.882978] EXT4-fs (sda1): mounted filesystem with ordered data mode. Opts: (null)
done.
Begin: Running /scripts/local-bottom ... done.
Begin: Running /scripts/init-bottom ... done.
[    8.650833] ip_tables: (C) 2000-2006 Netfilter Core Team
[    8.706578] systemd[1]: systemd 237 running in system mode. (+PAM +AUDIT +SELINUX +IMA +APPARMOR +SMACK +SYSVINIT +UTMP +LIBCRYPTSETUP +GCRYPT +GNUTLS +ACL +XZ +LZ4 +SECCOMP +BLKID +ELFUTILS +KMOD -IDN2 +IDN -PCRE2 default-hierarchy=hybrid)
[    8.720189] systemd[1]: Detected virtualization oracle.
[    8.722673] systemd[1]: Detected architecture x86-64.

Welcome to [1mUbuntu 18.04.6 LTS[0m!

[    9.074258] systemd[1]: Set hostname to <ubuntu>.
[    9.206199] systemd[1]: Initializing machine ID from random generator.
[    9.209365] systemd[1]: Installed transient /etc/machine-id file.
[   10.376544] random: crng init done
[   10.379147] random: 7 urandom warning(s) missed due to ratelimiting
[   10.685799] systemd[1]: Reached target Swap.
[[0;32m  OK  [0m] Reached target Swap.
[   10.689314] systemd[1]: Reached target System Time Synchronized.
[[0;32m  OK  [0m] Reached target System Time Synchronized.
[   10.697433] systemd[1]: Started Forward Password Requests to Wall Directory Watch.
[[0;32m  OK  [0m] Started Forward Password Requests to Wall Directory Watch.
[   10.722956] systemd[1]: Created slice User and Session Slice.
[[0;32m  OK  [0m] Created slice User and Session Slice.
[[0;32m  OK  [0m] Reached target User and Group Name Lookups.
[[0;32m  OK  [0m] Created slice System Slice.
[[0;32m  OK  [0m] Listening on Journal Socket (/dev/log).
[[0;32m  OK  [0m] Listening on /dev/initctl Compatibility Named Pipe.
[[0;32m  OK  [0m] Listening on LVM2 poll daemon socket.
[[0;32m  OK  [0m] Listening on udev Control Socket.
[[0;32m  OK  [0m] Listening on Journal Audit Socket.
[[0;32m  OK  [0m] Listening on fsck to fsckd communication Socket.
[[0;32m  OK  [0m] Listening on udev Kernel Socket.
[[0;32m  OK  [0m] Listening on Journal Socket.
         Starting Uncomplicated firewall...
         Starting Set the console keyboard layout...
         Starting File System Check on Root Device...
[[0;32m  OK  [0m] Listening on LVM2 metadata daemon socket.
         Mounting Huge Pages File System...
[[0;32m  OK  [0m] Listening on Network Service Netlink Socket.
         Mounting Kernel Debug File System...
         Mounting POSIX Message Queue File System...
[[0;32m  OK  [0m] Listening on Device-mapper event daemon FIFOs.
         Starting Monitoring of LVM2 mirrors…ng dmeventd or progress polling...
         Starting Load Kernel Modules...
         Starting udev Coldplug all Devices...
[[0;32m  OK  [0m] Reached target Slices.
[[0;32m  OK  [0m] Listening on Syslog Socket.
         Starting Journal Service...
         Starting Create list of required st…ce nodes for the current kernel...
[[0;32m  OK  [0m] Created slice system-serial\x2dgetty.slice.
[[0;32m  OK  [0m] Set up automount Arbitrary Executab…rmats File System Automount Point.
[[0;32m  OK  [0m] Started Uncomplicated firewall.
[[0;32m  OK  [0m] Started File System Check on Root Device.
[[0;32m  OK  [0m] Mounted Huge Pages File System.
[[0;32m  OK  [0m] Mounted Kernel Debug File System.
[[0;32m  OK  [0m] Mounted POSIX Message Queue File System.
[[0;32m  OK  [0m] Started Create list of required sta…vice nodes for the current kernel.
[[0;32m  OK  [0m] Started LVM2 metadata daemon.
[[0;32m  OK  [0m] Started File System Check Daemon to report status.
         Starting Create Static Device Nodes in /dev...
         Starting Remount Root and Kernel File Systems...
[   11.353186] Loading iSCSI transport class v2.0-870.
[   11.539572] EXT4-fs (sda1): re-mounted. Opts: (null)
[[0;32m  OK  [0m] Started Remount Root and Kernel File Systems.
[   11.563295] iscsi: registered transport (tcp)
         Starting Load/Save Random Seed...
[[0;32m  OK  [0m] Started Journal Service.
[[0;32m  OK  [0m] Started Monitoring of LVM2 mirrors,…sing dmeventd or progress polling.
[[0;32m  OK  [0m] Started udev Coldplug all Devices.
[[0;32m  OK  [0m] Started Create Static Device Nodes in /dev.
         Starting udev Kernel Device Manager...
         Starting Flush Journal to Persistent Storage...
[[0;32m  OK  [0m] Started Load/Save Random Seed.
[   11.803731] systemd-journald[409]: Received request to flush runtime journal from PID 1
[   11.882269] iscsi: registered transport (iser)
[[0;32m  OK  [0m] Started Load Kernel Modules.
         Mounting FUSE Control File System...
         Mounting Kernel Configuration File System...
         Starting Apply Kernel Variables...
[[0;32m  OK  [0m] Mounted FUSE Control File System.
[[0;32m  OK  [0m] Mounted Kernel Configuration File System.
[[0;32m  OK  [0m] Started udev Kernel Device Manager.
[[0;32m  OK  [0m] Started Flush Journal to Persistent Storage.
[[0;32m  OK  [0m] Started Apply Kernel Variables.
[[0;32m  OK  [0m] Found device /dev/ttyS0.
[[0;32m  OK  [0m] Listening on Load/Save RF Kill Switch Status /dev/rfkill Watch.
[[0;32m  OK  [0m] Started Set the console keyboard layout.
[[0;32m  OK  [0m] Reached target Local File Systems (Pre).
[[0;32m  OK  [0m] Reached target Local File Systems.
         Starting Tell Plymouth To Write Out Runtime Data...
         Starting Set console font and keymap...
         Starting AppArmor initialization...
         Starting ebtables ruleset management...
         Starting Create Volatile Files and Directories...
         Starting Commit a transient machine-id on disk...
[[0;32m  OK  [0m] Started Dispatch Password Requests to Console Directory Watch.
[[0;32m  OK  [0m] Reached target Local Encrypted Volumes.
[[0;32m  OK  [0m] Started Tell Plymouth To Write Out Runtime Data.
[[0;32m  OK  [0m] Started Commit a transient machine-id on disk.
[[0;32m  OK  [0m] Started Create Volatile Files and Directories.
         Starting Update UTMP about System Boot/Shutdown...
[[0;32m  OK  [0m] Started Update UTMP about System Boot/Shutdown.
[[0;32m  OK  [0m] Started ebtables ruleset management.
[[0;32m  OK  [0m] Started AppArmor initialization.
         Starting Initial cloud-init job (pre-networking)...
         Starting Load AppArmor profiles managed internally by snapd...
[[0;32m  OK  [0m] Started Set console font and keymap.
[[0;32m  OK  [0m] Started Load AppArmor profiles managed internally by snapd.
[   26.063495] cloud-init[834]: Cloud-init v. 21.4-0ubuntu1~18.04.1 running 'init-local' at Sat, 19 Feb 2022 17:56:28 +0000. Up 24.73 seconds.
[[0;32m  OK  [0m] Started Initial cloud-init job (pre-networking).
[[0;32m  OK  [0m] Reached target Network (Pre).
         Starting Network Service...
[[0;32m  OK  [0m] Started Network Service.
         Starting Network Name Resolution...
         Starting Wait for Network to be Configured...
[[0;32m  OK  [0m] Started Network Name Resolution.
[[0;32m  OK  [0m] Reached target Host and Network Name Lookups.
[[0;32m  OK  [0m] Reached target Network.
[[0;32m  OK  [0m] Started Wait for Network to be Configured.
         Starting Initial cloud-init job (metadata service crawler)...
[   30.680570] cloud-init[944]: Cloud-init v. 21.4-0ubuntu1~18.04.1 running 'init' at Sat, 19 Feb 2022 17:56:33 +0000. Up 30.01 seconds.
[   30.683597] cloud-init[944]: ci-info: ++++++++++++++++++++++++++++++++++++++Net device info++++++++++++++++++++++++++++++++++++++
[   30.696712] cloud-init[944]: ci-info: +--------+------+----------------------------+---------------+--------+-------------------+
[   30.706710] cloud-init[944]: ci-info: | Device |  Up  |          Address           |      Mask     | Scope  |     Hw-Address    |
[   30.711506] cloud-init[944]: ci-info: +--------+------+----------------------------+---------------+--------+-------------------+
[   30.714485] cloud-init[944]: ci-info: | enp0s3 | True |         10.0.2.15          | 255.255.255.0 | global | 02:3b:ab:4a:a3:42 |
[   30.717627] cloud-init[944]: ci-info: | enp0s3 | True | fe80::3b:abff:fe4a:a342/64 |       .       |  link  | 02:3b:ab:4a:a3:42 |
[   30.721202] cloud-init[944]: ci-info: |   lo   | True |         127.0.0.1          |   255.0.0.0   |  host  |         .         |
[   30.726371] cloud-init[944]: ci-info: |   lo   | True |          ::1/128           |       .       |  host  |         .         |
[   30.732605] cloud-init[944]: ci-info: +--------+------+----------------------------+---------------+--------+-------------------+
[   30.739813] cloud-init[944]: ci-info: ++++++++++++++++++++++++++++Route IPv4 info+++++++++++++++++++++++++++++
[   30.752862] cloud-init[944]: ci-info: +-------+-------------+----------+-----------------+-----------+-------+
[   30.761710] cloud-init[944]: ci-info: | Route | Destination | Gateway  |     Genmask     | Interface | Flags |
[   30.767579] cloud-init[944]: ci-info: +-------+-------------+----------+-----------------+-----------+-------+
[   30.771440] cloud-init[944]: ci-info: |   0   |   0.0.0.0   | 10.0.2.2 |     0.0.0.0     |   enp0s3  |   UG  |
[   30.774248] cloud-init[944]: ci-info: |   1   |   10.0.2.0  | 0.0.0.0  |  255.255.255.0  |   enp0s3  |   U   |
[   30.777892] cloud-init[944]: ci-info: |   2   |   10.0.2.2  | 0.0.0.0  | 255.255.255.255 |   enp0s3  |   UH  |
[   30.780905] cloud-init[944]: ci-info: +-------+-------------+----------+-----------------+-----------+-------+
[   30.783418] cloud-init[944]: ci-info: +++++++++++++++++++Route IPv6 info+++++++++++++++++++
[   30.786803] cloud-init[944]: ci-info: +-------+-------------+---------+-----------+-------+
[   30.789089] cloud-init[944]: ci-info: | Route | Destination | Gateway | Interface | Flags |
[   30.791821] cloud-init[944]: ci-info: +-------+-------------+---------+-----------+-------+
[   30.798039] cloud-init[944]: ci-info: |   1   |  fe80::/64  |    ::   |   enp0s3  |   U   |
[   30.802124] cloud-init[944]: ci-info: |   3   |    local    |    ::   |   enp0s3  |   U   |
[   30.818678] cloud-init[944]: ci-info: |   4   |   ff00::/8  |    ::   |   enp0s3  |   U   |
[   30.830198] cloud-init[944]: ci-info: +-------+-------------+---------+-----------+-------+
[   33.494791] cloud-init[944]: Generating public/private rsa key pair.
[   33.497902] cloud-init[944]: Your identification has been saved in /etc/ssh/ssh_host_rsa_key.
[   33.501383] cloud-init[944]: Your public key has been saved in /etc/ssh/ssh_host_rsa_key.pub.
[   33.506740] cloud-init[944]: The key fingerprint is:
[   33.516981] cloud-init[944]: SHA256:K1rPGRZcpEmhbytAO84Z9LefHTo31wvOzMuC15mzUfs root@ubuntu-bionic
[   33.531968] cloud-init[944]: The key's randomart image is:
[   33.538027] cloud-init[944]: +---[RSA 2048]----+
[   33.544622] cloud-init[944]: |        o..      |
[   33.550174] cloud-init[944]: |       o +       |
[   33.556752] cloud-init[944]: |    o . o .      |
[   33.559145] cloud-init[944]: |   o o o .       |
[   33.566641] cloud-init[944]: |    = . S      . |
[   33.573688] cloud-init[944]: |   o = o =    . .|
[   33.579434] cloud-init[944]: |    + + * . oooo |
[   33.587424] cloud-init[944]: |     o * =.*O*+ o|
[   33.595083] cloud-init[944]: |    .   + =oo@+.E|
[   33.598633] cloud-init[944]: +----[SHA256]-----+
[   33.604964] cloud-init[944]: Generating public/private dsa key pair.
[   33.614273] cloud-init[944]: Your identification has been saved in /etc/ssh/ssh_host_dsa_key.
[   33.633008] cloud-init[944]: Your public key has been saved in /etc/ssh/ssh_host_dsa_key.pub.
[   33.646212] cloud-init[944]: The key fingerprint is:
[   33.657797] cloud-init[944]: SHA256:RZKeanOLNiJO6iytV3berRM56Nmowxct7WnfounsNjk root@ubuntu-bionic
[   33.666856] cloud-init[944]: The key's randomart image is:
[[0;32m  OK  [0m] Started Initial cloud-init job (metadata service crawler).[   33.677080] cloud-init[944]: +---[DSA 1024]----+
[   33.682507] cloud-init[944]: |        ...      |

[   33.687136] cloud-init[944]: |        .o       |
[[0;32m  OK  [0m] Reached target System Initialization.
[[0;32m  OK  [0m] Started Daily Cleanup of Temporary Directories.
[[0;32m  OK  [0m] Listening on UUID daemon activation socket.
[[0;32m  OK  [0m] Started Ubuntu Advantage Timer for running repeated jobs.
[   33.689534] cloud-init[944]: |       . ..      |
[   33.720592] cloud-init[944]: |        o.       |
[   33.726226] cloud-init[944]: |       =S.       |
[   33.731599] cloud-init[944]: |    o O B        |
[   33.734501] cloud-init[944]: | ..+ = % B       |
[   33.737211] cloud-init[944]: |oo+ + X.E.o.     |
[   33.738977] cloud-init[944]: |=*...* *BB...    |
[   33.740704] cloud-init[944]: +----[SHA256]-----+
[   33.744166] cloud-init[944]: Generating public/private ecdsa key pair.
[   33.751731] cloud-init[944]: Your identification has been saved in /etc/ssh/ssh_host_ecdsa_key.
         Starting LXD - unix socket.
[[0;32m  OK  [0m] Started Daily apt download activities.
[   33.755833] cloud-init[944]: Your public key has been saved in /etc/ssh/ssh_host_ecdsa_key.pub.
[   33.772521] cloud-init[944]: The key fingerprint is:
[   33.777813] cloud-init[944]: SHA256:hPq7+ncDCiVP9zd6PV32idUN5v4OVtM90ZWyV4H2icY root@ubuntu-bionic
[   33.791500] cloud-init[944]: The key's randomart image is:
         [   33.796305] cloud-init[944]: +---[ECDSA 256]---+
[   33.798957] cloud-init[944]: |              ..+|
Starting Socket activation for snappy daemon.
[[0;32m  OK  [0m] Started Daily apt upgrade and clean activities.
[   33.799220] cloud-init[944]: |       .     + .+|
[   33.820336] cloud-init[944]: |      . .   o =.+|
[[   33.829538] cloud-init[944]: |    ..o..    Eo++|
[0;32m  OK  [0m[   33.829985] ] cloud-initListening on D-Bus System Message Bus Socket.[944]: 
|    .= .S.  .o.+*|
[[0;32m  OK  [0m] Listening on ACPID Listen Socket.
[   33.846267] cloud-init[944]: |    ... . . o .oB|
[   33.855058] cloud-init[944]: |     ... . o +=o+|
[   33.873263] cloud-init[944]: |      ... + .o+oo|
[   33.880445] cloud-init[944]: |    .o+o . o   +o|
[   33.884671] cloud-init[944]: +----[SHA256]-----+
[   33.888533] cloud-init[944]: Generating public/private ed25519 key pair.
[   33.892732] cloud-init[944]: Your identification has been saved in /etc/ssh/ssh_host_ed25519_key.
[   33.897176] cloud-init[944]: Your public key has been saved in /etc/ssh/ssh_host_ed25519_key.pub.
[[0;32m  OK  [0m] Started ACPI Events Check.
[   33.918633] cloud-init[944]: The key fingerprint is:
[   33.921770] cloud-init[944]: SHA256:kpT7/P7u+NuF04yim289D+vLqOWBgWyBuAoG110HniY root@ubuntu-bionic
[[0;32m  OK  [0m] Listening on cloud-init hotplug hook socket.
[[0;32m  OK  [0m] Started Message of the Day.
[   33.927864] cloud-init[944]: The key's randomart image is:
[[0;32m  OK  [0m] Started Discard unused blocks once a week.
[[0;32m  OK  [0m] Reached target Timers.
[   33.937480] cloud-init[944]: +--[ED25519 256]--+
[   33.938755] cloud-init[944]: |        o..      |
[   33.941564] cloud-init[944]: |   . o = o       |
[   33.943140] cloud-init[944]: |. . o E =        |
[   33.946347] cloud-init[944]: |..   o * o       |
[   33.951153] [[0;32m  OK  [0m] Started Trigger to poll for Ubuntu …(Only enabled on GCP LTS non-pro).
cloud-init[944]: [|..  . + S .      |[0;32m  OK  [0m
] Reached target Paths.
[[0;32m  OK  [0m] Listening on Open-iSCSI iscsid Socket.
[[0;32m  OK  [0m] Reached target Cloud-config availability.
[[0;32m  OK  [0m] Reached target Network is Online.
[   33.968856] cloud-init[944]: |.. .   =   o   = |
[   33.989144] cloud-init[944]: |  .     o . +.= +|
[   33.993849] cloud-init[944]: |         . *.*o= |
[   33.998650] cloud-init[944]: |         .OXXo*+.|
[   34.004280] cloud-init[944]: +----[SHA256]-----+         Starting Availability of block devices...
[
[0;32m  OK  [0m] Reached target Remote File Systems (Pre).
[[0;32m  OK  [0m] Reached target Remote File Systems.
[[0;32m  OK  [0m] Listening on LXD - unix socket.
[[0;32m  OK  [0m] Listening on Socket activation for snappy daemon.
[[0;32m  OK  [0m] Reached target Sockets.
[[0;32m  OK  [0m] Reached target Basic System.
         Starting LSB: automatic crash report generation...
[[0;32m  OK  [0m] Started D-Bus System Message Bus.
         Starting Dispatcher daemon for systemd-networkd...
[[0;32m  OK  [0m] Started irqbalance daemon.
[[0;32m  OK  [0m] Started Deferred execution scheduler.
         Starting Permit User Sessions...
         Starting System Logging Service...
         Starting Accounts Service...
[[0;32m  OK  [0m] Started Regular background program processing daemon.
         Starting Login Service...
         Starting Virtualbox guest utils...
         Starting Pollinate to seed the pseudo random number generator...
         Starting Snap Daemon...
         Starting LSB: Record successful boot for GRUB...
[[0;32m  OK  [0m] Started FUSE filesystem for LXC.
         Starting LXD - container startup/shutdown...
[[0;32m  OK  [0m] Started System Logging Service.
[[0;32m  OK  [0m] Started Availability of block devices.
[[0;32m  OK  [0m] Started Permit User Sessions.
         Starting Terminate Plymouth Boot Screen...
         Starting Hold until boot process finishes up...
[[0;32m  OK  [0m] Started Terminate Plymouth Boot Screen.
[[0;32m  OK  [0m] Started Hold until boot process finishes up.
[[0;32m  OK  [0m] Started Serial Getty on ttyS0.
         Starting Set console scheme...
[[0;32m  OK  [0m] Started Login Service.
[[0;32m  OK  [0m] Started Unattended Upgrades Shutdown.
[[0;32m  OK  [0m] Started LSB: automatic crash report generation.
[[0;32m  OK  [0m] Started Set console scheme.
[[0;32m  OK  [0m] Created slice system-getty.slice.
[[0;32m  OK  [0m] Started Getty on tty1.
[[0;32m  OK  [0m] Reached target Login Prompts.
         Starting Authorization Manager...
[[0;32m  OK  [0m] Started LSB: Record successful boot for GRUB.
[[0;32m  OK  [0m] Started Virtualbox guest utils.
[[0;32m  OK  [0m] Started Authorization Manager.
[[0;32m  OK  [0m] Started Accounts Service.
[[0;32m  OK  [0m] Started LXD - container startup/shutdown.
[[0;32m  OK  [0m] Started Dispatcher daemon for systemd-networkd.
[[0;32m  OK  [0m] Started Snap Daemon.
         Starting Wait until snapd is fully seeded...
[[0;32m  OK  [0m] Started Pollinate to seed the pseudo random number generator.
         Starting OpenBSD Secure Shell server...
         Starting Time & Date Service...
[[0;32m  OK  [0m] Started Time & Date Service.
[[0;32m  OK  [0m] Started OpenBSD Secure Shell server.
[[0;32m  OK  [0m] Started Wait until snapd is fully seeded.
[[0;32m  OK  [0m] Reached target Multi-User System.
[[0;32m  OK  [0m] Reached target Graphical Interface.
         Starting Update UTMP about System Runlevel Changes...
         Starting Apply the settings specified in cloud-config...
[[0;32m  OK  [0m] Started Update UTMP about System Runlevel Changes.

Ubuntu 18.04.6 LTS ubuntu-bionic ttyS0

ubuntu-bionic login: [   45.634567] cloud-init[1400]: Cloud-init v. 21.4-0ubuntu1~18.04.1 running 'modules:config' at Sat, 19 Feb 2022 17:56:45 +0000. Up 42.12 seconds.
ci-info: no authorized SSH keys fingerprints found for user ubuntu.
<14>Feb 19 17:56:51 cloud-init: #############################################################
<14>Feb 19 17:56:51 cloud-init: -----BEGIN SSH HOST KEY FINGERPRINTS-----
<14>Feb 19 17:56:51 cloud-init: 1024 SHA256:RZKeanOLNiJO6iytV3berRM56Nmowxct7WnfounsNjk root@ubuntu-bionic (DSA)
<14>Feb 19 17:56:51 cloud-init: 256 SHA256:hPq7+ncDCiVP9zd6PV32idUN5v4OVtM90ZWyV4H2icY root@ubuntu-bionic (ECDSA)
<14>Feb 19 17:56:51 cloud-init: 256 SHA256:kpT7/P7u+NuF04yim289D+vLqOWBgWyBuAoG110HniY root@ubuntu-bionic (ED25519)
<14>Feb 19 17:56:51 cloud-init: 2048 SHA256:K1rPGRZcpEmhbytAO84Z9LefHTo31wvOzMuC15mzUfs root@ubuntu-bionic (RSA)
<14>Feb 19 17:56:51 cloud-init: -----END SSH HOST KEY FINGERPRINTS-----
<14>Feb 19 17:56:51 cloud-init: #############################################################
-----BEGIN SSH HOST KEY KEYS-----
ecdsa-sha2-nistp256 AAAAE2VjZHNhLXNoYTItbmlzdHAyNTYAAAAIbmlzdHAyNTYAAABBBEskV5ertr0prZL2j9WiVll0GllRjJtzwvfe7I9GR8Uf1GZtt4jZvnLBNDPBJHgfMvsm1EJeWS/2E+VCrLyu2JY= root@ubuntu-bionic
ssh-ed25519 AAAAC3NzaC1lZDI1NTE5AAAAIPa5gWg6VifYr+TsBIgJFIPsWLnNmCQP/taFZ9f5xXIE root@ubuntu-bionic
ssh-rsa AAAAB3NzaC1yc2EAAAADAQABAAABAQDf00sDhDnqyDCaSwU9jQFWk25ifWimwWtAXALMRtpwEakLc8xaZ5Vkxi8RL+QneaUwxS18qWFOaiyqyBNufSoDdI9Go6uSnXUOgiyRCSes1OGhqErpocFfRIivekbd839Wg/nISIX6uhrWq9RQAFt0iC5d7bS+oFI6OvhR9QCZDRhQHl3575BrzoTZ7y9Ta1mhNkmOwWobwv3UlziHna0HBO8JGMSSwygWfJHv3KwSv6kKFQaRl9j3BIYaW+5Tp0WvAMo/mO3IcvS0e3I7NSukrSMlj2z3dY/tJzRr9g3aBSg+n+99YYTlSm6FIcWH+xcghxM8QHG0J6RU6pV7PUq5 root@ubuntu-bionic
-----END SSH HOST KEY KEYS-----
[   48.544460] cloud-init[1580]: Cloud-init v. 21.4-0ubuntu1~18.04.1 running 'modules:final' at Sat, 19 Feb 2022 17:56:51 +0000. Up 47.72 seconds.
[   48.548103] cloud-init[1580]: ci-info: no authorized SSH keys fingerprints found for user ubuntu.
[   48.552795] cloud-init[1580]: Cloud-init v. 21.4-0ubuntu1~18.04.1 finished at Sat, 19 Feb 2022 17:56:52 +0000. Datasource DataSourceNoCloud [seed=/dev/sdb][dsmode=net].  Up 48.50 seconds
